<?xml version="1.0" encoding="UTF-8"?>
<!-- Generated by org.testng.reporters.JUnitReportReporter -->
<testsuite hostname="DESKTOP-O653DLE" failures="0" tests="1" name="testcases.login_awesome" time="7.254" errors="0" timestamp="2023-01-27T16:13:11 IST" skipped="0">
  <testcase classname="testcases.login_awesome" name="sign_app" time="7.254"/>
  <system-out/>
</testsuite> <!-- testcases.login_awesome -->
